<?xml version="1.0" encoding="UTF-8"?>
<!-- Generated by org.testng.reporters.JUnitReportReporter -->
<testsuite hostname="Lenovo" failures="0" tests="1" name="suite.TC_025_JobDropdownList_UI" time="22.806" errors="0" timestamp="2023-04-05T12:44:15 IST" skipped="0">
  <testcase classname="suite.TC_025_JobDropdownList_UI" name="JobDropdownList_UI" time="22.806"/>
  <system-out/>
</testsuite> <!-- suite.TC_025_JobDropdownList_UI -->
