<?xml version="1.0" encoding="UTF-8"?>
<!-- Generated by org.testng.reporters.JUnitReportReporter -->
<testsuite hostname="Lenovo" failures="0" tests="1" name="suite.TC_08_CheckFooterLink" time="41.403" errors="0" timestamp="2023-03-22T16:11:42 IST" skipped="0">
  <testcase classname="suite.TC_08_CheckFooterLink" name="checkLogo" time="41.403"/>
  <system-out/>
</testsuite> <!-- suite.TC_08_CheckFooterLink -->
