<?xml version="1.0" encoding="UTF-8"?>
<!-- Generated by org.testng.reporters.JUnitReportReporter -->
<testsuite hostname="Lenovo" failures="0" tests="1" name="suite.TC_03_Login" time="36.864" errors="0" timestamp="2023-03-22T16:11:42 IST" skipped="0">
  <testcase classname="suite.TC_03_Login" name="cleckLogin" time="36.864"/>
  <system-out/>
</testsuite> <!-- suite.TC_03_Login -->
