<?xml version="1.0" encoding="UTF-8"?>
<!-- Generated by org.testng.reporters.JUnitReportReporter -->
<testsuite hostname="Lenovo" failures="0" tests="1" name="suite.TC_04_CheckLogo" time="14.778" errors="0" timestamp="2022-09-15T18:11:04 IST" skipped="0">
  <testcase classname="suite.TC_04_CheckLogo" name="checkLogo" time="14.778"/>
  <system-out/>
</testsuite> <!-- suite.TC_04_CheckLogo -->
