<?xml version="1.0" encoding="UTF-8"?>
<!-- Generated by org.testng.reporters.JUnitReportReporter -->
<testsuite hostname="Lenovo" failures="0" tests="1" name="suite.TC_00_Linkdin" time="20.211" errors="0" timestamp="2023-03-26T10:02:40 IST" skipped="0">
  <testcase classname="suite.TC_00_Linkdin" name="linkedin" time="20.211"/>
  <system-out/>
</testsuite> <!-- suite.TC_00_Linkdin -->
