<?xml version="1.0" encoding="UTF-8"?>
<!-- Generated by org.testng.reporters.JUnitReportReporter -->
<testsuite hostname="Lenovo" failures="0" tests="1" name="suite.TC_05_CheckRequireUsername" time="41.493" errors="0" timestamp="2023-03-22T16:11:42 IST" skipped="0">
  <testcase classname="suite.TC_05_CheckRequireUsername" name="checkLogin1" time="41.493"/>
  <system-out/>
</testsuite> <!-- suite.TC_05_CheckRequireUsername -->
