<?xml version="1.0" encoding="UTF-8"?>
<!-- Generated by org.testng.reporters.JUnitReportReporter -->
<testsuite hostname="Lenovo" failures="0" tests="1" name="suite.TC_18_CheckPIMpageLogo" time="22.794" errors="0" timestamp="2023-03-24T10:47:42 IST" skipped="0">
  <testcase classname="suite.TC_18_CheckPIMpageLogo" name="checkPIMpageLogo" time="22.794"/>
  <system-out/>
</testsuite> <!-- suite.TC_18_CheckPIMpageLogo -->
