<?xml version="1.0" encoding="UTF-8"?>
<!-- Generated by org.testng.reporters.JUnitReportReporter -->
<testsuite hostname="Lenovo" failures="0" tests="1" name="suite.TC_05_CheckRequiredPassword" time="16.993" errors="0" timestamp="2022-09-15T18:11:04 IST" skipped="0">
  <testcase classname="suite.TC_05_CheckRequiredPassword" name="checkLogin2" time="16.993"/>
  <system-out/>
</testsuite> <!-- suite.TC_05_CheckRequiredPassword -->
