<?xml version="1.0" encoding="UTF-8"?>
<!-- Generated by org.testng.reporters.JUnitReportReporter -->
<testsuite hostname="Lenovo" failures="0" tests="1" name="suite.TC_03_CheckRequireUsername" time="18.625" errors="0" timestamp="2022-09-15T16:54:57 IST" skipped="0">
  <testcase classname="suite.TC_03_CheckRequireUsername" name="checkLogin1" time="18.625"/>
  <system-out/>
</testsuite> <!-- suite.TC_03_CheckRequireUsername -->
