<?xml version="1.0" encoding="UTF-8"?>
<!-- Generated by org.testng.reporters.JUnitReportReporter -->
<testsuite hostname="Lenovo" failures="0" tests="1" name="suite.TC_026_JobDropdownList_Functional" time="27.662" errors="0" timestamp="2023-04-05T12:54:52 IST" skipped="0">
  <testcase classname="suite.TC_026_JobDropdownList_Functional" name="JobDropdownList_UI" time="27.662"/>
  <system-out/>
</testsuite> <!-- suite.TC_026_JobDropdownList_Functional -->
