<?xml version="1.0" encoding="UTF-8"?>
<!-- Generated by org.testng.reporters.JUnitReportReporter -->
<testsuite hostname="Lenovo" failures="0" tests="1" name="suite.TC_04_LoginWithInvalidCredentials" time="31.354" errors="0" timestamp="2023-03-22T16:11:42 IST" skipped="0">
  <testcase classname="suite.TC_04_LoginWithInvalidCredentials" name="checkLogin1" time="31.354"/>
  <system-out/>
</testsuite> <!-- suite.TC_04_LoginWithInvalidCredentials -->
