<?xml version="1.0" encoding="UTF-8"?>
<!-- Generated by org.testng.reporters.JUnitReportReporter -->
<testsuite hostname="Lenovo" failures="0" tests="1" name="suite.TC_06_LoginWithInvalidCredentials" time="20.406" errors="0" timestamp="2022-09-15T18:11:04 IST" skipped="0">
  <testcase classname="suite.TC_06_LoginWithInvalidCredentials" name="checkLogin1" time="20.406"/>
  <system-out/>
</testsuite> <!-- suite.TC_06_LoginWithInvalidCredentials -->
