<?xml version="1.0" encoding="UTF-8"?>
<!-- Generated by org.testng.reporters.JUnitReportReporter -->
<testsuite hostname="Lenovo" failures="0" tests="1" name="suite.TC_008_CheckForgotPasswordLink_Functional" time="15.399" errors="0" timestamp="2023-04-03T21:52:26 IST" skipped="0">
  <testcase classname="suite.TC_008_CheckForgotPasswordLink_Functional" name="checkLogo" time="15.399"/>
  <system-out/>
</testsuite> <!-- suite.TC_008_CheckForgotPasswordLink_Functional -->
