<?xml version="1.0" encoding="UTF-8"?>
<!-- Generated by org.testng.reporters.JUnitReportReporter -->
<testsuite hostname="Lenovo" failures="0" tests="1" name="suite.TC_15_CheckEmploeeList" time="45.119" errors="0" timestamp="2023-03-22T16:11:42 IST" skipped="0">
  <testcase classname="suite.TC_15_CheckEmploeeList" name="employeeList" time="45.119"/>
  <system-out/>
</testsuite> <!-- suite.TC_15_CheckEmploeeList -->
