<?xml version="1.0" encoding="UTF-8"?>
<!-- Generated by org.testng.reporters.JUnitReportReporter -->
<testsuite hostname="Lenovo" failures="0" tests="1" name="suite.TC_12_CheckDataImport" time="39.335" errors="0" timestamp="2023-04-05T11:53:15 IST" skipped="0">
  <testcase classname="suite.TC_12_CheckDataImport" name="dataImport" time="39.335"/>
  <system-out/>
</testsuite> <!-- suite.TC_12_CheckDataImport -->
